This file contains any messages produced by compilers while
running configure, to aid debugging if configure makes a mistake.

It was created by libmc configure 3.0.6, which was
generated by GNU Autoconf 2.69.  Invocation command line was

  $ ./configure --prefix=/home/haonan/workspace/libmc

## --------- ##
## Platform. ##
## --------- ##

hostname = Jarvis
uname -m = x86_64
uname -r = 4.15.0-29-generic
uname -s = Linux
uname -v = #31~16.04.1-Ubuntu SMP Wed Jul 18 08:54:04 UTC 2018

/usr/bin/uname -p = unknown
/bin/uname -X     = unknown

/bin/arch              = unknown
/usr/bin/arch -k       = unknown
/usr/convex/getsysinfo = unknown
/usr/bin/hostinfo      = unknown
/bin/machine           = unknown
/usr/bin/oslevel       = unknown
/bin/universe          = unknown

PATH: /home/haonan/bin
PATH: /home/haonan/.local/bin
PATH: /usr/local/sbin
PATH: /usr/local/bin
PATH: /usr/sbin
PATH: /usr/bin
PATH: /sbin
PATH: /bin
PATH: /usr/games
PATH: /usr/local/games
PATH: /snap/bin


## ----------- ##
## Core tests. ##
## ----------- ##

configure:2526: checking for a BSD-compatible install
configure:2594: result: /usr/bin/install -c
configure:2605: checking whether build environment is sane
configure:2660: result: yes
configure:2811: checking for a thread-safe mkdir -p
configure:2850: result: /bin/mkdir -p
configure:2857: checking for gawk
configure:2887: result: no
configure:2857: checking for mawk
configure:2873: found /usr/bin/mawk
configure:2884: result: mawk
configure:2895: checking whether make sets $(MAKE)
configure:2917: result: yes
configure:2946: checking whether make supports nested variables
configure:2963: result: yes
configure:3101: checking whether make supports nested variables
configure:3118: result: yes
configure:3151: checking build system type
configure:3165: result: x86_64-pc-linux-gnu
configure:3185: checking host system type
configure:3198: result: x86_64-pc-linux-gnu
configure:3295: checking for gcc
configure:3311: found /usr/bin/gcc
configure:3322: result: gcc
configure:3551: checking for C compiler version
configure:3560: gcc --version >&5
gcc (Ubuntu 5.4.0-6ubuntu1~16.04.10) 5.4.0 20160609
Copyright (C) 2015 Free Software Foundation, Inc.
This is free software; see the source for copying conditions.  There is NO
warranty; not even for MERCHANTABILITY or FITNESS FOR A PARTICULAR PURPOSE.

configure:3571: $? = 0
configure:3560: gcc -v >&5
Using built-in specs.
COLLECT_GCC=gcc
COLLECT_LTO_WRAPPER=/usr/lib/gcc/x86_64-linux-gnu/5/lto-wrapper
Target: x86_64-linux-gnu
Configured with: ../src/configure -v --with-pkgversion='Ubuntu 5.4.0-6ubuntu1~16.04.10' --with-bugurl=file:///usr/share/doc/gcc-5/README.Bugs --enable-languages=c,ada,c++,java,go,d,fortran,objc,obj-c++ --prefix=/usr --program-suffix=-5 --enable-shared --enable-linker-build-id --libexecdir=/usr/lib --without-included-gettext --enable-threads=posix --libdir=/usr/lib --enable-nls --with-sysroot=/ --enable-clocale=gnu --enable-libstdcxx-debug --enable-libstdcxx-time=yes --with-default-libstdcxx-abi=new --enable-gnu-unique-object --disable-vtable-verify --enable-libmpx --enable-plugin --with-system-zlib --disable-browser-plugin --enable-java-awt=gtk --enable-gtk-cairo --with-java-home=/usr/lib/jvm/java-1.5.0-gcj-5-amd64/jre --enable-java-home --with-jvm-root-dir=/usr/lib/jvm/java-1.5.0-gcj-5-amd64 --with-jvm-jar-dir=/usr/lib/jvm-exports/java-1.5.0-gcj-5-amd64 --with-arch-directory=amd64 --with-ecj-jar=/usr/share/java/eclipse-ecj.jar --enable-objc-gc --enable-multiarch --disable-werror --with-arch-32=i686 --with-abi=m64 --with-multilib-list=m32,m64,mx32 --enable-multilib --with-tune=generic --enable-checking=release --build=x86_64-linux-gnu --host=x86_64-linux-gnu --target=x86_64-linux-gnu
Thread model: posix
gcc version 5.4.0 20160609 (Ubuntu 5.4.0-6ubuntu1~16.04.10) 
configure:3571: $? = 0
configure:3560: gcc -V >&5
gcc: error: unrecognized command line option '-V'
gcc: fatal error: no input files
compilation terminated.
configure:3571: $? = 1
configure:3560: gcc -qversion >&5
gcc: error: unrecognized command line option '-qversion'
gcc: fatal error: no input files
compilation terminated.
configure:3571: $? = 1
configure:3591: checking whether the C compiler works
configure:3613: gcc    conftest.c  >&5
configure:3617: $? = 0
configure:3665: result: yes
configure:3668: checking for C compiler default output file name
configure:3670: result: a.out
configure:3676: checking for suffix of executables
configure:3683: gcc -o conftest    conftest.c  >&5
configure:3687: $? = 0
configure:3709: result: 
configure:3731: checking whether we are cross compiling
configure:3739: gcc -o conftest    conftest.c  >&5
configure:3743: $? = 0
configure:3750: ./conftest
configure:3754: $? = 0
configure:3769: result: no
configure:3774: checking for suffix of object files
configure:3796: gcc -c   conftest.c >&5
configure:3800: $? = 0
configure:3821: result: o
configure:3825: checking whether we are using the GNU C compiler
configure:3844: gcc -c   conftest.c >&5
configure:3844: $? = 0
configure:3853: result: yes
configure:3862: checking whether gcc accepts -g
configure:3882: gcc -c -g  conftest.c >&5
configure:3882: $? = 0
configure:3923: result: yes
configure:3940: checking for gcc option to accept ISO C89
configure:4003: gcc  -c -g -O2  conftest.c >&5
configure:4003: $? = 0
configure:4016: result: none needed
configure:4041: checking whether gcc understands -c and -o together
configure:4063: gcc -c conftest.c -o conftest2.o
configure:4066: $? = 0
configure:4063: gcc -c conftest.c -o conftest2.o
configure:4066: $? = 0
configure:4078: result: yes
configure:4106: checking for style of include used by make
configure:4134: result: GNU
configure:4160: checking dependency style of gcc
configure:4271: result: gcc3
configure:4344: checking for g++
configure:4360: found /usr/bin/g++
configure:4371: result: g++
configure:4398: checking for C++ compiler version
configure:4407: g++ --version >&5
g++ (Ubuntu 5.4.0-6ubuntu1~16.04.10) 5.4.0 20160609
Copyright (C) 2015 Free Software Foundation, Inc.
This is free software; see the source for copying conditions.  There is NO
warranty; not even for MERCHANTABILITY or FITNESS FOR A PARTICULAR PURPOSE.

configure:4418: $? = 0
configure:4407: g++ -v >&5
Using built-in specs.
COLLECT_GCC=g++
COLLECT_LTO_WRAPPER=/usr/lib/gcc/x86_64-linux-gnu/5/lto-wrapper
Target: x86_64-linux-gnu
Configured with: ../src/configure -v --with-pkgversion='Ubuntu 5.4.0-6ubuntu1~16.04.10' --with-bugurl=file:///usr/share/doc/gcc-5/README.Bugs --enable-languages=c,ada,c++,java,go,d,fortran,objc,obj-c++ --prefix=/usr --program-suffix=-5 --enable-shared --enable-linker-build-id --libexecdir=/usr/lib --without-included-gettext --enable-threads=posix --libdir=/usr/lib --enable-nls --with-sysroot=/ --enable-clocale=gnu --enable-libstdcxx-debug --enable-libstdcxx-time=yes --with-default-libstdcxx-abi=new --enable-gnu-unique-object --disable-vtable-verify --enable-libmpx --enable-plugin --with-system-zlib --disable-browser-plugin --enable-java-awt=gtk --enable-gtk-cairo --with-java-home=/usr/lib/jvm/java-1.5.0-gcj-5-amd64/jre --enable-java-home --with-jvm-root-dir=/usr/lib/jvm/java-1.5.0-gcj-5-amd64 --with-jvm-jar-dir=/usr/lib/jvm-exports/java-1.5.0-gcj-5-amd64 --with-arch-directory=amd64 --with-ecj-jar=/usr/share/java/eclipse-ecj.jar --enable-objc-gc --enable-multiarch --disable-werror --with-arch-32=i686 --with-abi=m64 --with-multilib-list=m32,m64,mx32 --enable-multilib --with-tune=generic --enable-checking=release --build=x86_64-linux-gnu --host=x86_64-linux-gnu --target=x86_64-linux-gnu
Thread model: posix
gcc version 5.4.0 20160609 (Ubuntu 5.4.0-6ubuntu1~16.04.10) 
configure:4418: $? = 0
configure:4407: g++ -V >&5
g++: error: unrecognized command line option '-V'
g++: fatal error: no input files
compilation terminated.
configure:4418: $? = 1
configure:4407: g++ -qversion >&5
g++: error: unrecognized command line option '-qversion'
g++: fatal error: no input files
compilation terminated.
configure:4418: $? = 1
configure:4422: checking whether we are using the GNU C++ compiler
configure:4441: g++ -c   conftest.cpp >&5
configure:4441: $? = 0
configure:4450: result: yes
configure:4459: checking whether g++ accepts -g
configure:4479: g++ -c -g  conftest.cpp >&5
configure:4479: $? = 0
configure:4520: result: yes
configure:4545: checking dependency style of g++
configure:4656: result: gcc3
configure:4671: checking whether make sets $(MAKE)
configure:4693: result: yes
configure:4748: checking how to print strings
configure:4775: result: printf
configure:4796: checking for a sed that does not truncate output
configure:4860: result: /bin/sed
configure:4878: checking for grep that handles long lines and -e
configure:4936: result: /bin/grep
configure:4941: checking for egrep
configure:5003: result: /bin/grep -E
configure:5008: checking for fgrep
configure:5070: result: /bin/grep -F
configure:5105: checking for ld used by gcc
configure:5172: result: /usr/bin/ld
configure:5179: checking if the linker (/usr/bin/ld) is GNU ld
configure:5194: result: yes
configure:5206: checking for BSD- or MS-compatible name lister (nm)
configure:5260: result: /usr/bin/nm -B
configure:5390: checking the name lister (/usr/bin/nm -B) interface
configure:5397: gcc -c -g -O2  conftest.c >&5
configure:5400: /usr/bin/nm -B "conftest.o"
configure:5403: output
0000000000000000 B some_variable
configure:5410: result: BSD nm
configure:5413: checking whether ln -s works
configure:5417: result: yes
configure:5425: checking the maximum length of command line arguments
configure:5556: result: 1572864
configure:5604: checking how to convert x86_64-pc-linux-gnu file names to x86_64-pc-linux-gnu format
configure:5644: result: func_convert_file_noop
configure:5651: checking how to convert x86_64-pc-linux-gnu file names to toolchain format
configure:5671: result: func_convert_file_noop
configure:5678: checking for /usr/bin/ld option to reload object files
configure:5685: result: -r
configure:5759: checking for objdump
configure:5775: found /usr/bin/objdump
configure:5786: result: objdump
configure:5815: checking how to recognize dependent libraries
configure:6015: result: pass_all
configure:6100: checking for dlltool
configure:6130: result: no
configure:6157: checking how to associate runtime and link libraries
configure:6184: result: printf %s\n
configure:6245: checking for ar
configure:6261: found /usr/bin/ar
configure:6272: result: ar
configure:6309: checking for archiver @FILE support
configure:6326: gcc -c -g -O2  conftest.c >&5
configure:6326: $? = 0
configure:6329: ar cru libconftest.a @conftest.lst >&5
ar: `u' modifier ignored since `D' is the default (see `U')
configure:6332: $? = 0
configure:6337: ar cru libconftest.a @conftest.lst >&5
ar: `u' modifier ignored since `D' is the default (see `U')
ar: conftest.o: No such file or directory
configure:6340: $? = 1
configure:6352: result: @
configure:6410: checking for strip
configure:6426: found /usr/bin/strip
configure:6437: result: strip
configure:6509: checking for ranlib
configure:6525: found /usr/bin/ranlib
configure:6536: result: ranlib
configure:6638: checking command to parse /usr/bin/nm -B output from gcc object
configure:6791: gcc -c -g -O2  conftest.c >&5
configure:6794: $? = 0
configure:6798: /usr/bin/nm -B conftest.o \| sed -n -e 's/^.*[ ]\([ABCDGIRSTW][ABCDGIRSTW]*\)[ ][ ]*\([_A-Za-z][_A-Za-z0-9]*\)$/\1 \2 \2/p' | sed '/ __gnu_lto/d' \> conftest.nm
configure:6801: $? = 0
configure:6867: gcc -o conftest -g -O2   conftest.c conftstm.o >&5
configure:6870: $? = 0
configure:6908: result: ok
configure:6955: checking for sysroot
configure:6985: result: no
configure:6992: checking for a working dd
configure:7030: result: /bin/dd
configure:7034: checking how to truncate binary pipes
configure:7049: result: /bin/dd bs=4096 count=1
configure:7185: gcc -c -g -O2  conftest.c >&5
configure:7188: $? = 0
configure:7378: checking for mt
configure:7394: found /bin/mt
configure:7405: result: mt
configure:7428: checking if mt is a manifest tool
configure:7434: mt '-?'
configure:7442: result: no
configure:8119: checking how to run the C preprocessor
configure:8150: gcc -E  conftest.c
configure:8150: $? = 0
configure:8164: gcc -E  conftest.c
conftest.c:11:28: fatal error: ac_nonexistent.h: No such file or directory
compilation terminated.
configure:8164: $? = 1
configure: failed program was:
| /* confdefs.h */
| #define PACKAGE_NAME "libmc"
| #define PACKAGE_TARNAME "libmc"
| #define PACKAGE_VERSION "3.0.6"
| #define PACKAGE_STRING "libmc 3.0.6"
| #define PACKAGE_BUGREPORT "https://github.com/stephane/libmc/issues"
| #define PACKAGE_URL ""
| #define PACKAGE "libmc"
| #define VERSION "3.0.6"
| /* end confdefs.h.  */
| #include <ac_nonexistent.h>
configure:8189: result: gcc -E
configure:8209: gcc -E  conftest.c
configure:8209: $? = 0
configure:8223: gcc -E  conftest.c
conftest.c:11:28: fatal error: ac_nonexistent.h: No such file or directory
compilation terminated.
configure:8223: $? = 1
configure: failed program was:
| /* confdefs.h */
| #define PACKAGE_NAME "libmc"
| #define PACKAGE_TARNAME "libmc"
| #define PACKAGE_VERSION "3.0.6"
| #define PACKAGE_STRING "libmc 3.0.6"
| #define PACKAGE_BUGREPORT "https://github.com/stephane/libmc/issues"
| #define PACKAGE_URL ""
| #define PACKAGE "libmc"
| #define VERSION "3.0.6"
| /* end confdefs.h.  */
| #include <ac_nonexistent.h>
configure:8252: checking for ANSI C header files
configure:8272: gcc -c -g -O2  conftest.c >&5
configure:8272: $? = 0
configure:8345: gcc -o conftest -g -O2   conftest.c  >&5
configure:8345: $? = 0
configure:8345: ./conftest
configure:8345: $? = 0
configure:8356: result: yes
configure:8369: checking for sys/types.h
configure:8369: gcc -c -g -O2  conftest.c >&5
configure:8369: $? = 0
configure:8369: result: yes
configure:8369: checking for sys/stat.h
configure:8369: gcc -c -g -O2  conftest.c >&5
configure:8369: $? = 0
configure:8369: result: yes
configure:8369: checking for stdlib.h
configure:8369: gcc -c -g -O2  conftest.c >&5
configure:8369: $? = 0
configure:8369: result: yes
configure:8369: checking for string.h
configure:8369: gcc -c -g -O2  conftest.c >&5
configure:8369: $? = 0
configure:8369: result: yes
configure:8369: checking for memory.h
configure:8369: gcc -c -g -O2  conftest.c >&5
configure:8369: $? = 0
configure:8369: result: yes
configure:8369: checking for strings.h
configure:8369: gcc -c -g -O2  conftest.c >&5
configure:8369: $? = 0
configure:8369: result: yes
configure:8369: checking for inttypes.h
configure:8369: gcc -c -g -O2  conftest.c >&5
configure:8369: $? = 0
configure:8369: result: yes
configure:8369: checking for stdint.h
configure:8369: gcc -c -g -O2  conftest.c >&5
configure:8369: $? = 0
configure:8369: result: yes
configure:8369: checking for unistd.h
configure:8369: gcc -c -g -O2  conftest.c >&5
configure:8369: $? = 0
configure:8369: result: yes
configure:8383: checking for dlfcn.h
configure:8383: gcc -c -g -O2  conftest.c >&5
configure:8383: $? = 0
configure:8383: result: yes
configure:8947: checking for objdir
configure:8962: result: .libs
configure:9226: checking if gcc supports -fno-rtti -fno-exceptions
configure:9244: gcc -c -g -O2  -fno-rtti -fno-exceptions conftest.c >&5
cc1: warning: command line option '-fno-rtti' is valid for C++/ObjC++ but not for C
configure:9248: $? = 0
configure:9261: result: no
configure:9619: checking for gcc option to produce PIC
configure:9626: result: -fPIC -DPIC
configure:9634: checking if gcc PIC flag -fPIC -DPIC works
configure:9652: gcc -c -g -O2  -fPIC -DPIC -DPIC conftest.c >&5
configure:9656: $? = 0
configure:9669: result: yes
configure:9698: checking if gcc static flag -static works
configure:9726: result: yes
configure:9741: checking if gcc supports -c -o file.o
configure:9762: gcc -c -g -O2  -o out/conftest2.o conftest.c >&5
configure:9766: $? = 0
configure:9788: result: yes
configure:9796: checking if gcc supports -c -o file.o
configure:9843: result: yes
configure:9876: checking whether the gcc linker (/usr/bin/ld -m elf_x86_64) supports shared libraries
configure:11139: result: yes
configure:11176: checking whether -lc should be explicitly linked in
configure:11184: gcc -c -g -O2  conftest.c >&5
configure:11187: $? = 0
configure:11202: gcc -shared  -fPIC -DPIC conftest.o  -v -Wl,-soname -Wl,conftest -o conftest 2\>\&1 \| /bin/grep  -lc  \>/dev/null 2\>\&1
configure:11205: $? = 0
configure:11219: result: no
configure:11379: checking dynamic linker characteristics
configure:11960: gcc -o conftest -g -O2   -Wl,-rpath -Wl,/foo conftest.c  >&5
configure:11960: $? = 0
configure:12209: result: GNU/Linux ld.so
configure:12331: checking how to hardcode library paths into programs
configure:12356: result: immediate
configure:12904: checking whether stripping libraries is possible
configure:12909: result: yes
configure:12944: checking if libtool supports shared libraries
configure:12946: result: yes
configure:12949: checking whether to build shared libraries
configure:12974: result: yes
configure:12977: checking whether to build static libraries
configure:12981: result: no
configure:13004: checking how to run the C++ preprocessor
configure:13031: g++ -E  conftest.cpp
configure:13031: $? = 0
configure:13045: g++ -E  conftest.cpp
conftest.cpp:23:28: fatal error: ac_nonexistent.h: No such file or directory
compilation terminated.
configure:13045: $? = 1
configure: failed program was:
| /* confdefs.h */
| #define PACKAGE_NAME "libmc"
| #define PACKAGE_TARNAME "libmc"
| #define PACKAGE_VERSION "3.0.6"
| #define PACKAGE_STRING "libmc 3.0.6"
| #define PACKAGE_BUGREPORT "https://github.com/stephane/libmc/issues"
| #define PACKAGE_URL ""
| #define PACKAGE "libmc"
| #define VERSION "3.0.6"
| #define STDC_HEADERS 1
| #define HAVE_SYS_TYPES_H 1
| #define HAVE_SYS_STAT_H 1
| #define HAVE_STDLIB_H 1
| #define HAVE_STRING_H 1
| #define HAVE_MEMORY_H 1
| #define HAVE_STRINGS_H 1
| #define HAVE_INTTYPES_H 1
| #define HAVE_STDINT_H 1
| #define HAVE_UNISTD_H 1
| #define HAVE_DLFCN_H 1
| #define LT_OBJDIR ".libs/"
| /* end confdefs.h.  */
| #include <ac_nonexistent.h>
configure:13070: result: g++ -E
configure:13090: g++ -E  conftest.cpp
configure:13090: $? = 0
configure:13104: g++ -E  conftest.cpp
conftest.cpp:23:28: fatal error: ac_nonexistent.h: No such file or directory
compilation terminated.
configure:13104: $? = 1
configure: failed program was:
| /* confdefs.h */
| #define PACKAGE_NAME "libmc"
| #define PACKAGE_TARNAME "libmc"
| #define PACKAGE_VERSION "3.0.6"
| #define PACKAGE_STRING "libmc 3.0.6"
| #define PACKAGE_BUGREPORT "https://github.com/stephane/libmc/issues"
| #define PACKAGE_URL ""
| #define PACKAGE "libmc"
| #define VERSION "3.0.6"
| #define STDC_HEADERS 1
| #define HAVE_SYS_TYPES_H 1
| #define HAVE_SYS_STAT_H 1
| #define HAVE_STDLIB_H 1
| #define HAVE_STRING_H 1
| #define HAVE_MEMORY_H 1
| #define HAVE_STRINGS_H 1
| #define HAVE_INTTYPES_H 1
| #define HAVE_STDINT_H 1
| #define HAVE_UNISTD_H 1
| #define HAVE_DLFCN_H 1
| #define LT_OBJDIR ".libs/"
| /* end confdefs.h.  */
| #include <ac_nonexistent.h>
configure:13266: checking for ld used by g++
configure:13333: result: /usr/bin/ld -m elf_x86_64
configure:13340: checking if the linker (/usr/bin/ld -m elf_x86_64) is GNU ld
configure:13355: result: yes
configure:13410: checking whether the g++ linker (/usr/bin/ld -m elf_x86_64) supports shared libraries
configure:14483: result: yes
configure:14519: g++ -c -g -O2  conftest.cpp >&5
configure:14522: $? = 0
configure:15003: checking for g++ option to produce PIC
configure:15010: result: -fPIC -DPIC
configure:15018: checking if g++ PIC flag -fPIC -DPIC works
configure:15036: g++ -c -g -O2  -fPIC -DPIC -DPIC conftest.cpp >&5
configure:15040: $? = 0
configure:15053: result: yes
configure:15076: checking if g++ static flag -static works
configure:15104: result: yes
configure:15116: checking if g++ supports -c -o file.o
configure:15137: g++ -c -g -O2  -o out/conftest2.o conftest.cpp >&5
configure:15141: $? = 0
configure:15163: result: yes
configure:15168: checking if g++ supports -c -o file.o
configure:15215: result: yes
configure:15245: checking whether the g++ linker (/usr/bin/ld -m elf_x86_64) supports shared libraries
configure:15288: result: yes
configure:15429: checking dynamic linker characteristics
configure:16186: result: GNU/Linux ld.so
configure:16251: checking how to hardcode library paths into programs
configure:16276: result: immediate
configure:16356: checking termios.h usability
configure:16356: gcc -c -g -O2  conftest.c >&5
configure:16356: $? = 0
configure:16356: result: yes
configure:16356: checking termios.h presence
configure:16356: gcc -E  conftest.c
configure:16356: $? = 0
configure:16356: result: yes
configure:16356: checking for termios.h
configure:16356: result: yes
configure:16356: checking sys/time.h usability
configure:16356: gcc -c -g -O2  conftest.c >&5
configure:16356: $? = 0
configure:16356: result: yes
configure:16356: checking sys/time.h presence
configure:16356: gcc -E  conftest.c
configure:16356: $? = 0
configure:16356: result: yes
configure:16356: checking for sys/time.h
configure:16356: result: yes
configure:16356: checking time.h usability
configure:16356: gcc -c -g -O2  conftest.c >&5
configure:16356: $? = 0
configure:16356: result: yes
configure:16356: checking time.h presence
configure:16356: gcc -E  conftest.c
configure:16356: $? = 0
configure:16356: result: yes
configure:16356: checking for time.h
configure:16356: result: yes
configure:16356: checking for unistd.h
configure:16356: result: yes
configure:16356: checking errno.h usability
configure:16356: gcc -c -g -O2  conftest.c >&5
configure:16356: $? = 0
configure:16356: result: yes
configure:16356: checking errno.h presence
configure:16356: gcc -E  conftest.c
configure:16356: $? = 0
configure:16356: result: yes
configure:16356: checking for errno.h
configure:16356: result: yes
configure:16356: checking limits.h usability
configure:16356: gcc -c -g -O2  conftest.c >&5
configure:16356: $? = 0
configure:16356: result: yes
configure:16356: checking limits.h presence
configure:16356: gcc -E  conftest.c
configure:16356: $? = 0
configure:16356: result: yes
configure:16356: checking for limits.h
configure:16356: result: yes
configure:16356: checking fcntl.h usability
configure:16356: gcc -c -g -O2  conftest.c >&5
configure:16356: $? = 0
configure:16356: result: yes
configure:16356: checking fcntl.h presence
configure:16356: gcc -E  conftest.c
configure:16356: $? = 0
configure:16356: result: yes
configure:16356: checking for fcntl.h
configure:16356: result: yes
configure:16356: checking for sys/types.h
configure:16356: result: yes
configure:16356: checking sys/socket.h usability
configure:16356: gcc -c -g -O2  conftest.c >&5
configure:16356: $? = 0
configure:16356: result: yes
configure:16356: checking sys/socket.h presence
configure:16356: gcc -E  conftest.c
configure:16356: $? = 0
configure:16356: result: yes
configure:16356: checking for sys/socket.h
configure:16356: result: yes
configure:16356: checking sys/ioctl.h usability
configure:16356: gcc -c -g -O2  conftest.c >&5
configure:16356: $? = 0
configure:16356: result: yes
configure:16356: checking sys/ioctl.h presence
configure:16356: gcc -E  conftest.c
configure:16356: $? = 0
configure:16356: result: yes
configure:16356: checking for sys/ioctl.h
configure:16356: result: yes
configure:16356: checking netinet/in.h usability
configure:16356: gcc -c -g -O2  conftest.c >&5
configure:16356: $? = 0
configure:16356: result: yes
configure:16356: checking netinet/in.h presence
configure:16356: gcc -E  conftest.c
configure:16356: $? = 0
configure:16356: result: yes
configure:16356: checking for netinet/in.h
configure:16356: result: yes
configure:16356: checking netinet/tcp.h usability
configure:16356: gcc -c -g -O2  conftest.c >&5
configure:16356: $? = 0
configure:16356: result: yes
configure:16356: checking netinet/tcp.h presence
configure:16356: gcc -E  conftest.c
configure:16356: $? = 0
configure:16356: result: yes
configure:16356: checking for netinet/tcp.h
configure:16356: result: yes
configure:16356: checking arpa/inet.h usability
configure:16356: gcc -c -g -O2  conftest.c >&5
configure:16356: $? = 0
configure:16356: result: yes
configure:16356: checking arpa/inet.h presence
configure:16356: gcc -E  conftest.c
configure:16356: $? = 0
configure:16356: result: yes
configure:16356: checking for arpa/inet.h
configure:16356: result: yes
configure:16356: checking netdb.h usability
configure:16356: gcc -c -g -O2  conftest.c >&5
configure:16356: $? = 0
configure:16356: result: yes
configure:16356: checking netdb.h presence
configure:16356: gcc -E  conftest.c
configure:16356: $? = 0
configure:16356: result: yes
configure:16356: checking for netdb.h
configure:16356: result: yes
configure:16356: checking linux/serial.h usability
configure:16356: gcc -c -g -O2  conftest.c >&5
configure:16356: $? = 0
configure:16356: result: yes
configure:16356: checking linux/serial.h presence
configure:16356: gcc -E  conftest.c
configure:16356: $? = 0
configure:16356: result: yes
configure:16356: checking for linux/serial.h
configure:16356: result: yes
configure:16387: checking for asciidoc
configure:16415: result: no
configure:16425: checking for xmlto
configure:16453: result: no
configure:16466: WARNING: You are building an unreleased version of libmc and asciidoc or xmlto are not installed.
configure:16468: WARNING: Documentation will not be built and manual pages will not be installed.
configure:16479: checking whether to build documentation
configure:16481: result: no
configure:16484: checking whether to install manpages
configure:16486: result: no
configure:16508: checking for ANSI C header files
configure:16612: result: yes
configure:16622: checking for an ANSI C-conforming const
configure:16688: gcc -c -g -O2  conftest.c >&5
configure:16688: $? = 0
configure:16695: result: yes
configure:16703: checking for size_t
configure:16703: gcc -c -g -O2  conftest.c >&5
configure:16703: $? = 0
configure:16703: gcc -c -g -O2  conftest.c >&5
conftest.c: In function 'main':
conftest.c:75:21: error: expected expression before ')' token
 if (sizeof ((size_t)))
                     ^
configure:16703: $? = 1
configure: failed program was:
| /* confdefs.h */
| #define PACKAGE_NAME "libmc"
| #define PACKAGE_TARNAME "libmc"
| #define PACKAGE_VERSION "3.0.6"
| #define PACKAGE_STRING "libmc 3.0.6"
| #define PACKAGE_BUGREPORT "https://github.com/stephane/libmc/issues"
| #define PACKAGE_URL ""
| #define PACKAGE "libmc"
| #define VERSION "3.0.6"
| #define STDC_HEADERS 1
| #define HAVE_SYS_TYPES_H 1
| #define HAVE_SYS_STAT_H 1
| #define HAVE_STDLIB_H 1
| #define HAVE_STRING_H 1
| #define HAVE_MEMORY_H 1
| #define HAVE_STRINGS_H 1
| #define HAVE_INTTYPES_H 1
| #define HAVE_STDINT_H 1
| #define HAVE_UNISTD_H 1
| #define HAVE_DLFCN_H 1
| #define LT_OBJDIR ".libs/"
| #define HAVE_TERMIOS_H 1
| #define HAVE_SYS_TIME_H 1
| #define HAVE_TIME_H 1
| #define HAVE_UNISTD_H 1
| #define HAVE_ERRNO_H 1
| #define HAVE_LIMITS_H 1
| #define HAVE_FCNTL_H 1
| #define HAVE_SYS_TYPES_H 1
| #define HAVE_SYS_SOCKET_H 1
| #define HAVE_SYS_IOCTL_H 1
| #define HAVE_NETINET_IN_H 1
| #define HAVE_NETINET_TCP_H 1
| #define HAVE_ARPA_INET_H 1
| #define HAVE_NETDB_H 1
| #define HAVE_LINUX_SERIAL_H 1
| #define STDC_HEADERS 1
| /* end confdefs.h.  */
| #include <stdio.h>
| #ifdef HAVE_SYS_TYPES_H
| # include <sys/types.h>
| #endif
| #ifdef HAVE_SYS_STAT_H
| # include <sys/stat.h>
| #endif
| #ifdef STDC_HEADERS
| # include <stdlib.h>
| # include <stddef.h>
| #else
| # ifdef HAVE_STDLIB_H
| #  include <stdlib.h>
| # endif
| #endif
| #ifdef HAVE_STRING_H
| # if !defined STDC_HEADERS && defined HAVE_MEMORY_H
| #  include <memory.h>
| # endif
| # include <string.h>
| #endif
| #ifdef HAVE_STRINGS_H
| # include <strings.h>
| #endif
| #ifdef HAVE_INTTYPES_H
| # include <inttypes.h>
| #endif
| #ifdef HAVE_STDINT_H
| # include <stdint.h>
| #endif
| #ifdef HAVE_UNISTD_H
| # include <unistd.h>
| #endif
| int
| main ()
| {
| if (sizeof ((size_t)))
| 	    return 0;
|   ;
|   return 0;
| }
configure:16703: result: yes
configure:16714: checking whether time.h and sys/time.h may both be included
configure:16734: gcc -c -g -O2  conftest.c >&5
configure:16734: $? = 0
configure:16741: result: yes
configure:16756: checking whether __CYGWIN__ is declared
configure:16756: gcc -c -g -O2  conftest.c >&5
conftest.c: In function 'main':
conftest.c:80:10: error: '__CYGWIN__' undeclared (first use in this function)
   (void) __CYGWIN__;
          ^
conftest.c:80:10: note: each undeclared identifier is reported only once for each function it appears in
configure:16756: $? = 1
configure: failed program was:
| /* confdefs.h */
| #define PACKAGE_NAME "libmc"
| #define PACKAGE_TARNAME "libmc"
| #define PACKAGE_VERSION "3.0.6"
| #define PACKAGE_STRING "libmc 3.0.6"
| #define PACKAGE_BUGREPORT "https://github.com/stephane/libmc/issues"
| #define PACKAGE_URL ""
| #define PACKAGE "libmc"
| #define VERSION "3.0.6"
| #define STDC_HEADERS 1
| #define HAVE_SYS_TYPES_H 1
| #define HAVE_SYS_STAT_H 1
| #define HAVE_STDLIB_H 1
| #define HAVE_STRING_H 1
| #define HAVE_MEMORY_H 1
| #define HAVE_STRINGS_H 1
| #define HAVE_INTTYPES_H 1
| #define HAVE_STDINT_H 1
| #define HAVE_UNISTD_H 1
| #define HAVE_DLFCN_H 1
| #define LT_OBJDIR ".libs/"
| #define HAVE_TERMIOS_H 1
| #define HAVE_SYS_TIME_H 1
| #define HAVE_TIME_H 1
| #define HAVE_UNISTD_H 1
| #define HAVE_ERRNO_H 1
| #define HAVE_LIMITS_H 1
| #define HAVE_FCNTL_H 1
| #define HAVE_SYS_TYPES_H 1
| #define HAVE_SYS_SOCKET_H 1
| #define HAVE_SYS_IOCTL_H 1
| #define HAVE_NETINET_IN_H 1
| #define HAVE_NETINET_TCP_H 1
| #define HAVE_ARPA_INET_H 1
| #define HAVE_NETDB_H 1
| #define HAVE_LINUX_SERIAL_H 1
| #define STDC_HEADERS 1
| #define TIME_WITH_SYS_TIME 1
| /* end confdefs.h.  */
| #include <stdio.h>
| #ifdef HAVE_SYS_TYPES_H
| # include <sys/types.h>
| #endif
| #ifdef HAVE_SYS_STAT_H
| # include <sys/stat.h>
| #endif
| #ifdef STDC_HEADERS
| # include <stdlib.h>
| # include <stddef.h>
| #else
| # ifdef HAVE_STDLIB_H
| #  include <stdlib.h>
| # endif
| #endif
| #ifdef HAVE_STRING_H
| # if !defined STDC_HEADERS && defined HAVE_MEMORY_H
| #  include <memory.h>
| # endif
| # include <string.h>
| #endif
| #ifdef HAVE_STRINGS_H
| # include <strings.h>
| #endif
| #ifdef HAVE_INTTYPES_H
| # include <inttypes.h>
| #endif
| #ifdef HAVE_STDINT_H
| # include <stdint.h>
| #endif
| #ifdef HAVE_UNISTD_H
| # include <unistd.h>
| #endif
| int
| main ()
| {
| #ifndef __CYGWIN__
| #ifdef __cplusplus
|   (void) __CYGWIN__;
| #else
|   (void) __CYGWIN__;
| #endif
| #endif
| 
|   ;
|   return 0;
| }
configure:16756: result: no
configure:16769: checking for pid_t
configure:16769: gcc -c -g -O2  conftest.c >&5
configure:16769: $? = 0
configure:16769: gcc -c -g -O2  conftest.c >&5
conftest.c: In function 'main':
conftest.c:77:20: error: expected expression before ')' token
 if (sizeof ((pid_t)))
                    ^
configure:16769: $? = 1
configure: failed program was:
| /* confdefs.h */
| #define PACKAGE_NAME "libmc"
| #define PACKAGE_TARNAME "libmc"
| #define PACKAGE_VERSION "3.0.6"
| #define PACKAGE_STRING "libmc 3.0.6"
| #define PACKAGE_BUGREPORT "https://github.com/stephane/libmc/issues"
| #define PACKAGE_URL ""
| #define PACKAGE "libmc"
| #define VERSION "3.0.6"
| #define STDC_HEADERS 1
| #define HAVE_SYS_TYPES_H 1
| #define HAVE_SYS_STAT_H 1
| #define HAVE_STDLIB_H 1
| #define HAVE_STRING_H 1
| #define HAVE_MEMORY_H 1
| #define HAVE_STRINGS_H 1
| #define HAVE_INTTYPES_H 1
| #define HAVE_STDINT_H 1
| #define HAVE_UNISTD_H 1
| #define HAVE_DLFCN_H 1
| #define LT_OBJDIR ".libs/"
| #define HAVE_TERMIOS_H 1
| #define HAVE_SYS_TIME_H 1
| #define HAVE_TIME_H 1
| #define HAVE_UNISTD_H 1
| #define HAVE_ERRNO_H 1
| #define HAVE_LIMITS_H 1
| #define HAVE_FCNTL_H 1
| #define HAVE_SYS_TYPES_H 1
| #define HAVE_SYS_SOCKET_H 1
| #define HAVE_SYS_IOCTL_H 1
| #define HAVE_NETINET_IN_H 1
| #define HAVE_NETINET_TCP_H 1
| #define HAVE_ARPA_INET_H 1
| #define HAVE_NETDB_H 1
| #define HAVE_LINUX_SERIAL_H 1
| #define STDC_HEADERS 1
| #define TIME_WITH_SYS_TIME 1
| #define HAVE_DECL___CYGWIN__ 0
| /* end confdefs.h.  */
| #include <stdio.h>
| #ifdef HAVE_SYS_TYPES_H
| # include <sys/types.h>
| #endif
| #ifdef HAVE_SYS_STAT_H
| # include <sys/stat.h>
| #endif
| #ifdef STDC_HEADERS
| # include <stdlib.h>
| # include <stddef.h>
| #else
| # ifdef HAVE_STDLIB_H
| #  include <stdlib.h>
| # endif
| #endif
| #ifdef HAVE_STRING_H
| # if !defined STDC_HEADERS && defined HAVE_MEMORY_H
| #  include <memory.h>
| # endif
| # include <string.h>
| #endif
| #ifdef HAVE_STRINGS_H
| # include <strings.h>
| #endif
| #ifdef HAVE_INTTYPES_H
| # include <inttypes.h>
| #endif
| #ifdef HAVE_STDINT_H
| # include <stdint.h>
| #endif
| #ifdef HAVE_UNISTD_H
| # include <unistd.h>
| #endif
| int
| main ()
| {
| if (sizeof ((pid_t)))
| 	    return 0;
|   ;
|   return 0;
| }
configure:16769: result: yes
configure:16782: checking vfork.h usability
configure:16782: gcc -c -g -O2  conftest.c >&5
conftest.c:74:19: fatal error: vfork.h: No such file or directory
compilation terminated.
configure:16782: $? = 1
configure: failed program was:
| /* confdefs.h */
| #define PACKAGE_NAME "libmc"
| #define PACKAGE_TARNAME "libmc"
| #define PACKAGE_VERSION "3.0.6"
| #define PACKAGE_STRING "libmc 3.0.6"
| #define PACKAGE_BUGREPORT "https://github.com/stephane/libmc/issues"
| #define PACKAGE_URL ""
| #define PACKAGE "libmc"
| #define VERSION "3.0.6"
| #define STDC_HEADERS 1
| #define HAVE_SYS_TYPES_H 1
| #define HAVE_SYS_STAT_H 1
| #define HAVE_STDLIB_H 1
| #define HAVE_STRING_H 1
| #define HAVE_MEMORY_H 1
| #define HAVE_STRINGS_H 1
| #define HAVE_INTTYPES_H 1
| #define HAVE_STDINT_H 1
| #define HAVE_UNISTD_H 1
| #define HAVE_DLFCN_H 1
| #define LT_OBJDIR ".libs/"
| #define HAVE_TERMIOS_H 1
| #define HAVE_SYS_TIME_H 1
| #define HAVE_TIME_H 1
| #define HAVE_UNISTD_H 1
| #define HAVE_ERRNO_H 1
| #define HAVE_LIMITS_H 1
| #define HAVE_FCNTL_H 1
| #define HAVE_SYS_TYPES_H 1
| #define HAVE_SYS_SOCKET_H 1
| #define HAVE_SYS_IOCTL_H 1
| #define HAVE_NETINET_IN_H 1
| #define HAVE_NETINET_TCP_H 1
| #define HAVE_ARPA_INET_H 1
| #define HAVE_NETDB_H 1
| #define HAVE_LINUX_SERIAL_H 1
| #define STDC_HEADERS 1
| #define TIME_WITH_SYS_TIME 1
| #define HAVE_DECL___CYGWIN__ 0
| /* end confdefs.h.  */
| #include <stdio.h>
| #ifdef HAVE_SYS_TYPES_H
| # include <sys/types.h>
| #endif
| #ifdef HAVE_SYS_STAT_H
| # include <sys/stat.h>
| #endif
| #ifdef STDC_HEADERS
| # include <stdlib.h>
| # include <stddef.h>
| #else
| # ifdef HAVE_STDLIB_H
| #  include <stdlib.h>
| # endif
| #endif
| #ifdef HAVE_STRING_H
| # if !defined STDC_HEADERS && defined HAVE_MEMORY_H
| #  include <memory.h>
| # endif
| # include <string.h>
| #endif
| #ifdef HAVE_STRINGS_H
| # include <strings.h>
| #endif
| #ifdef HAVE_INTTYPES_H
| # include <inttypes.h>
| #endif
| #ifdef HAVE_STDINT_H
| # include <stdint.h>
| #endif
| #ifdef HAVE_UNISTD_H
| # include <unistd.h>
| #endif
| #include <vfork.h>
configure:16782: result: no
configure:16782: checking vfork.h presence
configure:16782: gcc -E  conftest.c
conftest.c:41:19: fatal error: vfork.h: No such file or directory
compilation terminated.
configure:16782: $? = 1
configure: failed program was:
| /* confdefs.h */
| #define PACKAGE_NAME "libmc"
| #define PACKAGE_TARNAME "libmc"
| #define PACKAGE_VERSION "3.0.6"
| #define PACKAGE_STRING "libmc 3.0.6"
| #define PACKAGE_BUGREPORT "https://github.com/stephane/libmc/issues"
| #define PACKAGE_URL ""
| #define PACKAGE "libmc"
| #define VERSION "3.0.6"
| #define STDC_HEADERS 1
| #define HAVE_SYS_TYPES_H 1
| #define HAVE_SYS_STAT_H 1
| #define HAVE_STDLIB_H 1
| #define HAVE_STRING_H 1
| #define HAVE_MEMORY_H 1
| #define HAVE_STRINGS_H 1
| #define HAVE_INTTYPES_H 1
| #define HAVE_STDINT_H 1
| #define HAVE_UNISTD_H 1
| #define HAVE_DLFCN_H 1
| #define LT_OBJDIR ".libs/"
| #define HAVE_TERMIOS_H 1
| #define HAVE_SYS_TIME_H 1
| #define HAVE_TIME_H 1
| #define HAVE_UNISTD_H 1
| #define HAVE_ERRNO_H 1
| #define HAVE_LIMITS_H 1
| #define HAVE_FCNTL_H 1
| #define HAVE_SYS_TYPES_H 1
| #define HAVE_SYS_SOCKET_H 1
| #define HAVE_SYS_IOCTL_H 1
| #define HAVE_NETINET_IN_H 1
| #define HAVE_NETINET_TCP_H 1
| #define HAVE_ARPA_INET_H 1
| #define HAVE_NETDB_H 1
| #define HAVE_LINUX_SERIAL_H 1
| #define STDC_HEADERS 1
| #define TIME_WITH_SYS_TIME 1
| #define HAVE_DECL___CYGWIN__ 0
| /* end confdefs.h.  */
| #include <vfork.h>
configure:16782: result: no
configure:16782: checking for vfork.h
configure:16782: result: no
configure:16795: checking for fork
configure:16795: gcc -o conftest -g -O2   conftest.c  >&5
conftest.c:64:6: warning: conflicting types for built-in function 'fork'
 char fork ();
      ^
configure:16795: $? = 0
configure:16795: result: yes
configure:16795: checking for vfork
configure:16795: gcc -o conftest -g -O2   conftest.c  >&5
configure:16795: $? = 0
configure:16795: result: yes
configure:16805: checking for working fork
configure:16827: gcc -o conftest -g -O2   conftest.c  >&5
configure:16827: $? = 0
configure:16827: ./conftest
configure:16827: $? = 0
configure:16837: result: yes
configure:16858: checking for working vfork
configure:16968: result: yes
configure:16996: checking for gettimeofday
configure:16996: gcc -o conftest -g -O2   conftest.c  >&5
configure:16996: $? = 0
configure:16996: result: yes
configure:16996: checking for inet_ntoa
configure:16996: gcc -o conftest -g -O2   conftest.c  >&5
configure:16996: $? = 0
configure:16996: result: yes
configure:16996: checking for memset
configure:16996: gcc -o conftest -g -O2   conftest.c  >&5
conftest.c:70:6: warning: conflicting types for built-in function 'memset'
 char memset ();
      ^
configure:16996: $? = 0
configure:16996: result: yes
configure:16996: checking for select
configure:16996: gcc -o conftest -g -O2   conftest.c  >&5
configure:16996: $? = 0
configure:16996: result: yes
configure:16996: checking for socket
configure:16996: gcc -o conftest -g -O2   conftest.c  >&5
configure:16996: $? = 0
configure:16996: result: yes
configure:16996: checking for strerror
configure:16996: gcc -o conftest -g -O2   conftest.c  >&5
configure:16996: $? = 0
configure:16996: result: yes
configure:16996: checking for strlcpy
configure:16996: gcc -o conftest -g -O2   conftest.c  >&5
/tmp/cc0cp4hA.o: In function `main':
/home/haonan/workspace/libmc/conftest.c:85: undefined reference to `strlcpy'
collect2: error: ld returned 1 exit status
configure:16996: $? = 1
configure: failed program was:
| /* confdefs.h */
| #define PACKAGE_NAME "libmc"
| #define PACKAGE_TARNAME "libmc"
| #define PACKAGE_VERSION "3.0.6"
| #define PACKAGE_STRING "libmc 3.0.6"
| #define PACKAGE_BUGREPORT "https://github.com/stephane/libmc/issues"
| #define PACKAGE_URL ""
| #define PACKAGE "libmc"
| #define VERSION "3.0.6"
| #define STDC_HEADERS 1
| #define HAVE_SYS_TYPES_H 1
| #define HAVE_SYS_STAT_H 1
| #define HAVE_STDLIB_H 1
| #define HAVE_STRING_H 1
| #define HAVE_MEMORY_H 1
| #define HAVE_STRINGS_H 1
| #define HAVE_INTTYPES_H 1
| #define HAVE_STDINT_H 1
| #define HAVE_UNISTD_H 1
| #define HAVE_DLFCN_H 1
| #define LT_OBJDIR ".libs/"
| #define HAVE_TERMIOS_H 1
| #define HAVE_SYS_TIME_H 1
| #define HAVE_TIME_H 1
| #define HAVE_UNISTD_H 1
| #define HAVE_ERRNO_H 1
| #define HAVE_LIMITS_H 1
| #define HAVE_FCNTL_H 1
| #define HAVE_SYS_TYPES_H 1
| #define HAVE_SYS_SOCKET_H 1
| #define HAVE_SYS_IOCTL_H 1
| #define HAVE_NETINET_IN_H 1
| #define HAVE_NETINET_TCP_H 1
| #define HAVE_ARPA_INET_H 1
| #define HAVE_NETDB_H 1
| #define HAVE_LINUX_SERIAL_H 1
| #define STDC_HEADERS 1
| #define TIME_WITH_SYS_TIME 1
| #define HAVE_DECL___CYGWIN__ 0
| #define HAVE_FORK 1
| #define HAVE_VFORK 1
| #define HAVE_WORKING_VFORK 1
| #define HAVE_WORKING_FORK 1
| #define HAVE_GETTIMEOFDAY 1
| #define HAVE_INET_NTOA 1
| #define HAVE_MEMSET 1
| #define HAVE_SELECT 1
| #define HAVE_SOCKET 1
| #define HAVE_STRERROR 1
| /* end confdefs.h.  */
| /* Define strlcpy to an innocuous variant, in case <limits.h> declares strlcpy.
|    For example, HP-UX 11i <limits.h> declares gettimeofday.  */
| #define strlcpy innocuous_strlcpy
| 
| /* System header to define __stub macros and hopefully few prototypes,
|     which can conflict with char strlcpy (); below.
|     Prefer <limits.h> to <assert.h> if __STDC__ is defined, since
|     <limits.h> exists even on freestanding compilers.  */
| 
| #ifdef __STDC__
| # include <limits.h>
| #else
| # include <assert.h>
| #endif
| 
| #undef strlcpy
| 
| /* Override any GCC internal prototype to avoid an error.
|    Use char because int might match the return type of a GCC
|    builtin and then its argument prototype would still apply.  */
| #ifdef __cplusplus
| extern "C"
| #endif
| char strlcpy ();
| /* The GNU C library defines this for functions which it implements
|     to always fail with ENOSYS.  Some functions are actually named
|     something starting with __ and the normal name is an alias.  */
| #if defined __stub_strlcpy || defined __stub___strlcpy
| choke me
| #endif
| 
| int
| main ()
| {
| return strlcpy ();
|   ;
|   return 0;
| }
configure:16996: result: no
configure:16996: checking for getaddrinfo
configure:16996: gcc -o conftest -g -O2   conftest.c  >&5
configure:16996: $? = 0
configure:16996: result: yes
configure:17024: checking winsock2.h usability
configure:17024: gcc -c -g -O2 -Wall -Werror  conftest.c >&5
conftest.c:85:22: fatal error: winsock2.h: No such file or directory
compilation terminated.
configure:17024: $? = 1
configure: failed program was:
| /* confdefs.h */
| #define PACKAGE_NAME "libmc"
| #define PACKAGE_TARNAME "libmc"
| #define PACKAGE_VERSION "3.0.6"
| #define PACKAGE_STRING "libmc 3.0.6"
| #define PACKAGE_BUGREPORT "https://github.com/stephane/libmc/issues"
| #define PACKAGE_URL ""
| #define PACKAGE "libmc"
| #define VERSION "3.0.6"
| #define STDC_HEADERS 1
| #define HAVE_SYS_TYPES_H 1
| #define HAVE_SYS_STAT_H 1
| #define HAVE_STDLIB_H 1
| #define HAVE_STRING_H 1
| #define HAVE_MEMORY_H 1
| #define HAVE_STRINGS_H 1
| #define HAVE_INTTYPES_H 1
| #define HAVE_STDINT_H 1
| #define HAVE_UNISTD_H 1
| #define HAVE_DLFCN_H 1
| #define LT_OBJDIR ".libs/"
| #define HAVE_TERMIOS_H 1
| #define HAVE_SYS_TIME_H 1
| #define HAVE_TIME_H 1
| #define HAVE_UNISTD_H 1
| #define HAVE_ERRNO_H 1
| #define HAVE_LIMITS_H 1
| #define HAVE_FCNTL_H 1
| #define HAVE_SYS_TYPES_H 1
| #define HAVE_SYS_SOCKET_H 1
| #define HAVE_SYS_IOCTL_H 1
| #define HAVE_NETINET_IN_H 1
| #define HAVE_NETINET_TCP_H 1
| #define HAVE_ARPA_INET_H 1
| #define HAVE_NETDB_H 1
| #define HAVE_LINUX_SERIAL_H 1
| #define STDC_HEADERS 1
| #define TIME_WITH_SYS_TIME 1
| #define HAVE_DECL___CYGWIN__ 0
| #define HAVE_FORK 1
| #define HAVE_VFORK 1
| #define HAVE_WORKING_VFORK 1
| #define HAVE_WORKING_FORK 1
| #define HAVE_GETTIMEOFDAY 1
| #define HAVE_INET_NTOA 1
| #define HAVE_MEMSET 1
| #define HAVE_SELECT 1
| #define HAVE_SOCKET 1
| #define HAVE_STRERROR 1
| #define HAVE_GETADDRINFO 1
| /* end confdefs.h.  */
| #include <stdio.h>
| #ifdef HAVE_SYS_TYPES_H
| # include <sys/types.h>
| #endif
| #ifdef HAVE_SYS_STAT_H
| # include <sys/stat.h>
| #endif
| #ifdef STDC_HEADERS
| # include <stdlib.h>
| # include <stddef.h>
| #else
| # ifdef HAVE_STDLIB_H
| #  include <stdlib.h>
| # endif
| #endif
| #ifdef HAVE_STRING_H
| # if !defined STDC_HEADERS && defined HAVE_MEMORY_H
| #  include <memory.h>
| # endif
| # include <string.h>
| #endif
| #ifdef HAVE_STRINGS_H
| # include <strings.h>
| #endif
| #ifdef HAVE_INTTYPES_H
| # include <inttypes.h>
| #endif
| #ifdef HAVE_STDINT_H
| # include <stdint.h>
| #endif
| #ifdef HAVE_UNISTD_H
| # include <unistd.h>
| #endif
| #include <winsock2.h>
configure:17024: result: no
configure:17024: checking winsock2.h presence
configure:17024: gcc -E  conftest.c
conftest.c:52:22: fatal error: winsock2.h: No such file or directory
compilation terminated.
configure:17024: $? = 1
configure: failed program was:
| /* confdefs.h */
| #define PACKAGE_NAME "libmc"
| #define PACKAGE_TARNAME "libmc"
| #define PACKAGE_VERSION "3.0.6"
| #define PACKAGE_STRING "libmc 3.0.6"
| #define PACKAGE_BUGREPORT "https://github.com/stephane/libmc/issues"
| #define PACKAGE_URL ""
| #define PACKAGE "libmc"
| #define VERSION "3.0.6"
| #define STDC_HEADERS 1
| #define HAVE_SYS_TYPES_H 1
| #define HAVE_SYS_STAT_H 1
| #define HAVE_STDLIB_H 1
| #define HAVE_STRING_H 1
| #define HAVE_MEMORY_H 1
| #define HAVE_STRINGS_H 1
| #define HAVE_INTTYPES_H 1
| #define HAVE_STDINT_H 1
| #define HAVE_UNISTD_H 1
| #define HAVE_DLFCN_H 1
| #define LT_OBJDIR ".libs/"
| #define HAVE_TERMIOS_H 1
| #define HAVE_SYS_TIME_H 1
| #define HAVE_TIME_H 1
| #define HAVE_UNISTD_H 1
| #define HAVE_ERRNO_H 1
| #define HAVE_LIMITS_H 1
| #define HAVE_FCNTL_H 1
| #define HAVE_SYS_TYPES_H 1
| #define HAVE_SYS_SOCKET_H 1
| #define HAVE_SYS_IOCTL_H 1
| #define HAVE_NETINET_IN_H 1
| #define HAVE_NETINET_TCP_H 1
| #define HAVE_ARPA_INET_H 1
| #define HAVE_NETDB_H 1
| #define HAVE_LINUX_SERIAL_H 1
| #define STDC_HEADERS 1
| #define TIME_WITH_SYS_TIME 1
| #define HAVE_DECL___CYGWIN__ 0
| #define HAVE_FORK 1
| #define HAVE_VFORK 1
| #define HAVE_WORKING_VFORK 1
| #define HAVE_WORKING_FORK 1
| #define HAVE_GETTIMEOFDAY 1
| #define HAVE_INET_NTOA 1
| #define HAVE_MEMSET 1
| #define HAVE_SELECT 1
| #define HAVE_SOCKET 1
| #define HAVE_STRERROR 1
| #define HAVE_GETADDRINFO 1
| /* end confdefs.h.  */
| #include <winsock2.h>
configure:17024: result: no
configure:17024: checking for winsock2.h
configure:17024: result: no
configure:17040: checking whether TIOCSRS485 is declared
configure:17040: gcc -c -g -O2 -Wall -Werror  conftest.c >&5
configure:17040: $? = 0
configure:17040: result: yes
configure:17164: checking that generated files are newer than configure
configure:17170: result: done
configure:17213: creating ./config.status

## ---------------------- ##
## Running config.status. ##
## ---------------------- ##

This file was extended by libmc config.status 3.0.6, which was
generated by GNU Autoconf 2.69.  Invocation command line was

  CONFIG_FILES    = 
  CONFIG_HEADERS  = 
  CONFIG_LINKS    = 
  CONFIG_COMMANDS = 
  $ ./config.status 

on Jarvis

config.status:1201: creating Makefile
config.status:1201: creating src/Makefile
config.status:1201: creating src/mc-version.h
config.status:1201: creating doc/Makefile
config.status:1201: creating tests/Makefile
config.status:1201: creating libmc.pc
config.status:1201: creating libmc.spec
config.status:1201: creating config.h
config.status:1382: config.h is unchanged
config.status:1201: creating tests/unit-test.h
config.status:1382: tests/unit-test.h is unchanged
config.status:1430: executing depfiles commands
config.status:1430: executing libtool commands

## ---------------- ##
## Cache variables. ##
## ---------------- ##

ac_cv_build=x86_64-pc-linux-gnu
ac_cv_c_compiler_gnu=yes
ac_cv_c_const=yes
ac_cv_cxx_compiler_gnu=yes
ac_cv_env_CCC_set=
ac_cv_env_CCC_value=
ac_cv_env_CC_set=
ac_cv_env_CC_value=
ac_cv_env_CFLAGS_set=
ac_cv_env_CFLAGS_value=
ac_cv_env_CPPFLAGS_set=
ac_cv_env_CPPFLAGS_value=
ac_cv_env_CPP_set=
ac_cv_env_CPP_value=
ac_cv_env_CXXCPP_set=
ac_cv_env_CXXCPP_value=
ac_cv_env_CXXFLAGS_set=
ac_cv_env_CXXFLAGS_value=
ac_cv_env_CXX_set=
ac_cv_env_CXX_value=
ac_cv_env_LDFLAGS_set=
ac_cv_env_LDFLAGS_value=
ac_cv_env_LIBS_set=
ac_cv_env_LIBS_value=
ac_cv_env_LT_SYS_LIBRARY_PATH_set=
ac_cv_env_LT_SYS_LIBRARY_PATH_value=
ac_cv_env_build_alias_set=
ac_cv_env_build_alias_value=
ac_cv_env_host_alias_set=
ac_cv_env_host_alias_value=
ac_cv_env_target_alias_set=
ac_cv_env_target_alias_value=
ac_cv_func_fork=yes
ac_cv_func_fork_works=yes
ac_cv_func_getaddrinfo=yes
ac_cv_func_gettimeofday=yes
ac_cv_func_inet_ntoa=yes
ac_cv_func_memset=yes
ac_cv_func_select=yes
ac_cv_func_socket=yes
ac_cv_func_strerror=yes
ac_cv_func_strlcpy=no
ac_cv_func_vfork=yes
ac_cv_func_vfork_works=yes
ac_cv_have_decl_TIOCSRS485=yes
ac_cv_have_decl___CYGWIN__=no
ac_cv_header_arpa_inet_h=yes
ac_cv_header_dlfcn_h=yes
ac_cv_header_errno_h=yes
ac_cv_header_fcntl_h=yes
ac_cv_header_inttypes_h=yes
ac_cv_header_limits_h=yes
ac_cv_header_linux_serial_h=yes
ac_cv_header_memory_h=yes
ac_cv_header_netdb_h=yes
ac_cv_header_netinet_in_h=yes
ac_cv_header_netinet_tcp_h=yes
ac_cv_header_stdc=yes
ac_cv_header_stdint_h=yes
ac_cv_header_stdlib_h=yes
ac_cv_header_string_h=yes
ac_cv_header_strings_h=yes
ac_cv_header_sys_ioctl_h=yes
ac_cv_header_sys_socket_h=yes
ac_cv_header_sys_stat_h=yes
ac_cv_header_sys_time_h=yes
ac_cv_header_sys_types_h=yes
ac_cv_header_termios_h=yes
ac_cv_header_time=yes
ac_cv_header_time_h=yes
ac_cv_header_unistd_h=yes
ac_cv_header_vfork_h=no
ac_cv_header_winsock2_h=no
ac_cv_host=x86_64-pc-linux-gnu
ac_cv_objext=o
ac_cv_path_EGREP='/bin/grep -E'
ac_cv_path_FGREP='/bin/grep -F'
ac_cv_path_GREP=/bin/grep
ac_cv_path_SED=/bin/sed
ac_cv_path_install='/usr/bin/install -c'
ac_cv_path_lt_DD=/bin/dd
ac_cv_path_mkdir=/bin/mkdir
ac_cv_prog_AWK=mawk
ac_cv_prog_CPP='gcc -E'
ac_cv_prog_CXXCPP='g++ -E'
ac_cv_prog_ac_ct_AR=ar
ac_cv_prog_ac_ct_CC=gcc
ac_cv_prog_ac_ct_CXX=g++
ac_cv_prog_ac_ct_MANIFEST_TOOL=mt
ac_cv_prog_ac_ct_OBJDUMP=objdump
ac_cv_prog_ac_ct_RANLIB=ranlib
ac_cv_prog_ac_ct_STRIP=strip
ac_cv_prog_ac_libmc_have_asciidoc=no
ac_cv_prog_ac_libmc_have_xmlto=no
ac_cv_prog_cc_c89=
ac_cv_prog_cc_g=yes
ac_cv_prog_cxx_g=yes
ac_cv_prog_make_make_set=yes
ac_cv_type_pid_t=yes
ac_cv_type_size_t=yes
am_cv_CC_dependencies_compiler_type=gcc3
am_cv_CXX_dependencies_compiler_type=gcc3
am_cv_make_support_nested_variables=yes
am_cv_prog_cc_c_o=yes
lt_cv_ar_at_file=@
lt_cv_archive_cmds_need_lc=no
lt_cv_deplibs_check_method=pass_all
lt_cv_file_magic_cmd='$MAGIC_CMD'
lt_cv_file_magic_test_file=
lt_cv_ld_reload_flag=-r
lt_cv_nm_interface='BSD nm'
lt_cv_objdir=.libs
lt_cv_path_LD=/usr/bin/ld
lt_cv_path_LDCXX='/usr/bin/ld -m elf_x86_64'
lt_cv_path_NM='/usr/bin/nm -B'
lt_cv_path_mainfest_tool=no
lt_cv_prog_compiler_c_o=yes
lt_cv_prog_compiler_c_o_CXX=yes
lt_cv_prog_compiler_pic='-fPIC -DPIC'
lt_cv_prog_compiler_pic_CXX='-fPIC -DPIC'
lt_cv_prog_compiler_pic_works=yes
lt_cv_prog_compiler_pic_works_CXX=yes
lt_cv_prog_compiler_rtti_exceptions=no
lt_cv_prog_compiler_static_works=yes
lt_cv_prog_compiler_static_works_CXX=yes
lt_cv_prog_gnu_ld=yes
lt_cv_prog_gnu_ldcxx=yes
lt_cv_sharedlib_from_linklib_cmd='printf %s\n'
lt_cv_shlibpath_overrides_runpath=no
lt_cv_sys_global_symbol_pipe='sed -n -e '\''s/^.*[	 ]\([ABCDGIRSTW][ABCDGIRSTW]*\)[	 ][	 ]*\([_A-Za-z][_A-Za-z0-9]*\)$/\1 \2 \2/p'\'' | sed '\''/ __gnu_lto/d'\'''
lt_cv_sys_global_symbol_to_c_name_address='sed -n -e '\''s/^: \(.*\) .*$/  {"\1", (void *) 0},/p'\'' -e '\''s/^[ABCDGIRSTW][ABCDGIRSTW]* .* \(.*\)$/  {"\1", (void *) \&\1},/p'\'''
lt_cv_sys_global_symbol_to_c_name_address_lib_prefix='sed -n -e '\''s/^: \(.*\) .*$/  {"\1", (void *) 0},/p'\'' -e '\''s/^[ABCDGIRSTW][ABCDGIRSTW]* .* \(lib.*\)$/  {"\1", (void *) \&\1},/p'\'' -e '\''s/^[ABCDGIRSTW][ABCDGIRSTW]* .* \(.*\)$/  {"lib\1", (void *) \&\1},/p'\'''
lt_cv_sys_global_symbol_to_cdecl='sed -n -e '\''s/^T .* \(.*\)$/extern int \1();/p'\'' -e '\''s/^[ABCDGIRSTW][ABCDGIRSTW]* .* \(.*\)$/extern char \1;/p'\'''
lt_cv_sys_global_symbol_to_import=
lt_cv_sys_max_cmd_len=1572864
lt_cv_to_host_file_cmd=func_convert_file_noop
lt_cv_to_tool_file_cmd=func_convert_file_noop
lt_cv_truncate_bin='/bin/dd bs=4096 count=1'

## ----------------- ##
## Output variables. ##
## ----------------- ##

ACLOCAL='${SHELL} /home/haonan/workspace/libmc/missing aclocal-1.15'
AMDEPBACKSLASH='\'
AMDEP_FALSE='#'
AMDEP_TRUE=''
AMTAR='$${TAR-tar}'
AM_BACKSLASH='\'
AM_DEFAULT_V='$(AM_DEFAULT_VERBOSITY)'
AM_DEFAULT_VERBOSITY='0'
AM_V='$(V)'
AR='ar'
AS='as'
AUTOCONF='${SHELL} /home/haonan/workspace/libmc/missing autoconf'
AUTOHEADER='${SHELL} /home/haonan/workspace/libmc/missing autoheader'
AUTOMAKE='${SHELL} /home/haonan/workspace/libmc/missing automake-1.15'
AWK='mawk'
BUILD_DOC_FALSE=''
BUILD_DOC_TRUE='#'
CC='gcc'
CCDEPMODE='depmode=gcc3'
CFLAGS='-g -O2 -Wall -Werror'
CPP='gcc -E'
CPPFLAGS=''
CXX='g++'
CXXCPP='g++ -E'
CXXDEPMODE='depmode=gcc3'
CXXFLAGS='-g -O2'
CYGPATH_W='echo'
DEFS='-DHAVE_CONFIG_H'
DEPDIR='.deps'
DLLTOOL='false'
DSYMUTIL=''
DUMPBIN=''
ECHO_C=''
ECHO_N='-n'
ECHO_T=''
EGREP='/bin/grep -E'
EXEEXT=''
FGREP='/bin/grep -F'
GREP='/bin/grep'
INSTALL_DATA='${INSTALL} -m 644'
INSTALL_MAN_FALSE=''
INSTALL_MAN_TRUE='#'
INSTALL_PROGRAM='${INSTALL}'
INSTALL_SCRIPT='${INSTALL}'
INSTALL_STRIP_PROGRAM='$(install_sh) -c -s'
LD='/usr/bin/ld -m elf_x86_64'
LDFLAGS=''
LIBMC_LT_VERSION_INFO='5:5:0'
LIBMC_VERSION='3.0.6'
LIBMC_VERSION_MAJOR='3'
LIBMC_VERSION_MICRO='6'
LIBMC_VERSION_MINOR='0'
LIBOBJS=''
LIBS=''
LIBTOOL='$(SHELL) $(top_builddir)/libtool'
LIPO=''
LN_S='ln -s'
LTLIBOBJS=''
LT_SYS_LIBRARY_PATH=''
MAKEINFO='${SHELL} /home/haonan/workspace/libmc/missing makeinfo'
MANIFEST_TOOL=':'
MKDIR_P='/bin/mkdir -p'
NM='/usr/bin/nm -B'
NMEDIT=''
OBJDUMP='objdump'
OBJEXT='o'
OS_QNX_FALSE=''
OS_QNX_TRUE='#'
OS_WIN32_FALSE=''
OS_WIN32_TRUE='#'
OTOOL64=''
OTOOL=''
PACKAGE='libmc'
PACKAGE_BUGREPORT='https://github.com/stephane/libmc/issues'
PACKAGE_NAME='libmc'
PACKAGE_STRING='libmc 3.0.6'
PACKAGE_TARNAME='libmc'
PACKAGE_URL=''
PACKAGE_VERSION='3.0.6'
PATH_SEPARATOR=':'
RANLIB='ranlib'
SED='/bin/sed'
SET_MAKE=''
SHELL='/bin/bash'
STRIP='strip'
VERSION='3.0.6'
ac_ct_AR='ar'
ac_ct_CC='gcc'
ac_ct_CXX='g++'
ac_ct_DUMPBIN=''
ac_libmc_have_asciidoc='no'
ac_libmc_have_xmlto='no'
am__EXEEXT_FALSE=''
am__EXEEXT_TRUE='#'
am__fastdepCC_FALSE='#'
am__fastdepCC_TRUE=''
am__fastdepCXX_FALSE='#'
am__fastdepCXX_TRUE=''
am__include='include'
am__isrc=''
am__leading_dot='.'
am__nodep='_no'
am__quote=''
am__tar='$${TAR-tar} chof - "$$tardir"'
am__untar='$${TAR-tar} xf -'
bindir='${exec_prefix}/bin'
build='x86_64-pc-linux-gnu'
build_alias=''
build_cpu='x86_64'
build_os='linux-gnu'
build_vendor='pc'
datadir='${datarootdir}'
datarootdir='${prefix}/share'
docdir='${datarootdir}/doc/${PACKAGE_TARNAME}'
dvidir='${docdir}'
exec_prefix='${prefix}'
host='x86_64-pc-linux-gnu'
host_alias=''
host_cpu='x86_64'
host_os='linux-gnu'
host_vendor='pc'
htmldir='${docdir}'
includedir='${prefix}/include'
infodir='${datarootdir}/info'
install_sh='${SHELL} /home/haonan/workspace/libmc/install-sh'
libdir='${exec_prefix}/lib'
libexecdir='${exec_prefix}/libexec'
localedir='${datarootdir}/locale'
localstatedir='${prefix}/var'
mandir='${datarootdir}/man'
mkdir_p='$(MKDIR_P)'
oldincludedir='/usr/include'
pdfdir='${docdir}'
prefix='/home/haonan/workspace/libmc'
program_transform_name='s,x,x,'
psdir='${docdir}'
runstatedir='${localstatedir}/run'
sbindir='${exec_prefix}/sbin'
sharedstatedir='${prefix}/com'
sysconfdir='${prefix}/etc'
target_alias=''

## ----------- ##
## confdefs.h. ##
## ----------- ##

/* confdefs.h */
#define PACKAGE_NAME "libmc"
#define PACKAGE_TARNAME "libmc"
#define PACKAGE_VERSION "3.0.6"
#define PACKAGE_STRING "libmc 3.0.6"
#define PACKAGE_BUGREPORT "https://github.com/stephane/libmc/issues"
#define PACKAGE_URL ""
#define PACKAGE "libmc"
#define VERSION "3.0.6"
#define STDC_HEADERS 1
#define HAVE_SYS_TYPES_H 1
#define HAVE_SYS_STAT_H 1
#define HAVE_STDLIB_H 1
#define HAVE_STRING_H 1
#define HAVE_MEMORY_H 1
#define HAVE_STRINGS_H 1
#define HAVE_INTTYPES_H 1
#define HAVE_STDINT_H 1
#define HAVE_UNISTD_H 1
#define HAVE_DLFCN_H 1
#define LT_OBJDIR ".libs/"
#define HAVE_TERMIOS_H 1
#define HAVE_SYS_TIME_H 1
#define HAVE_TIME_H 1
#define HAVE_UNISTD_H 1
#define HAVE_ERRNO_H 1
#define HAVE_LIMITS_H 1
#define HAVE_FCNTL_H 1
#define HAVE_SYS_TYPES_H 1
#define HAVE_SYS_SOCKET_H 1
#define HAVE_SYS_IOCTL_H 1
#define HAVE_NETINET_IN_H 1
#define HAVE_NETINET_TCP_H 1
#define HAVE_ARPA_INET_H 1
#define HAVE_NETDB_H 1
#define HAVE_LINUX_SERIAL_H 1
#define STDC_HEADERS 1
#define TIME_WITH_SYS_TIME 1
#define HAVE_DECL___CYGWIN__ 0
#define HAVE_FORK 1
#define HAVE_VFORK 1
#define HAVE_WORKING_VFORK 1
#define HAVE_WORKING_FORK 1
#define HAVE_GETTIMEOFDAY 1
#define HAVE_INET_NTOA 1
#define HAVE_MEMSET 1
#define HAVE_SELECT 1
#define HAVE_SOCKET 1
#define HAVE_STRERROR 1
#define HAVE_GETADDRINFO 1
#define HAVE_DECL_TIOCSRS485 1

configure: exit 0
